{
"contracts\\Coiin.sol":{"l":{"60":1,"69":3,"70":3,"71":3,"72":3,"73":3,"74":3,"76":3,"78":3,"79":3,"82":3,"83":3,"85":3,"86":3,"88":3,"89":3,"90":3,"92":3,"96":5,"97":5,"98":3,"99":3,"100":3,"104":5,"110":3,"114":3,"115":2,"119":2,"120":1,"124":4,"125":4,"126":3,"130":2,"131":1,"135":0,"136":0,"140":2,"152":0,"153":0,"154":0,"155":0,"156":0,"157":0,"158":0,"165":0,"166":0,"173":1,"174":1,"182":2,"183":2,"184":2,"200":0,"217":93,"218":92,"219":91,"220":90,"221":89,"223":82,"225":82,"228":82,"230":81,"237":81,"238":81,"242":2,"250":89,"255":87,"256":87,"257":87,"258":87,"260":87,"261":585,"263":585,"264":30,"266":555,"267":555,"271":435,"273":555,"277":7,"281":87,"283":87,"287":84,"291":83,"298":555,"302":465,"304":90,"308":81,"309":81,"313":87,"314":30,"315":30,"316":30,"321":1227},"path":"C:\\Users\\MohsinTahir\\coiin-smart-contracts\\contracts\\Coiin.sol","s":{"1":1,"2":3,"3":3,"4":3,"5":3,"6":3,"7":3,"8":3,"9":3,"10":5,"11":5,"12":3,"13":3,"14":3,"15":5,"16":3,"17":3,"18":2,"19":4,"20":4,"21":2,"22":1,"23":0,"24":0,"25":93,"26":92,"27":91,"28":90,"29":89,"30":82,"31":82,"32":81,"33":81,"34":81,"35":2,"36":89,"37":87,"38":87,"39":87,"40":87,"41":87,"42":585,"43":585,"44":555,"45":555,"46":87,"47":87,"48":84,"49":83,"50":555,"51":465,"52":90,"53":87,"54":1227},"b":{"1":[3,0],"2":[3,0],"3":[3,2],"4":[1,1],"5":[1,1],"6":[3,0],"7":[2,1],"8":[2,0],"9":[1,1],"10":[4,0],"11":[4,0],"12":[3,1],"13":[1,1],"14":[0,0],"15":[0,0],"16":[2,1],"17":[0,0],"18":[0,0],"19":[1,0],"20":[2,0],"21":[92,1],"22":[91,1],"23":[90,1],"24":[89,1],"25":[81,1],"26":[2,0],"27":[2,1],"28":[87,2],"29":[30,555],"30":[435,120],"31":[7,548],"32":[84,3],"33":[83,1],"34":[82,1],"35":[465,90],"36":[245,220]},"f":{"1":1,"2":3,"3":5,"4":5,"5":3,"6":3,"7":2,"8":4,"9":2,"10":0,"11":2,"12":0,"13":0,"14":1,"15":2,"16":0,"17":93,"18":2,"19":2,"20":89,"21":555,"22":81,"23":87,"24":1227},"fnMap":{"1":{"name":"constructor","line":59,"loc":{"start":{"line":59,"column":4},"end":{"line":61,"column":4}}},"2":{"name":"initialize","line":68,"loc":{"start":{"line":62,"column":4},"end":{"line":93,"column":4}}},"3":{"name":"transferFrom","line":95,"loc":{"start":{"line":95,"column":4},"end":{"line":101,"column":4}}},"4":{"name":"_allowTransferFrom","line":103,"loc":{"start":{"line":103,"column":4},"end":{"line":107,"column":4}}},"5":{"name":"_isTransferFromWhiteListed","line":109,"loc":{"start":{"line":109,"column":4},"end":{"line":111,"column":4}}},"6":{"name":"setTransferFromWhiteList","line":113,"loc":{"start":{"line":113,"column":4},"end":{"line":116,"column":4}}},"7":{"name":"removeTransferFromWhiteList","line":118,"loc":{"start":{"line":118,"column":4},"end":{"line":121,"column":4}}},"8":{"name":"setTransferFromUnlockDate","line":123,"loc":{"start":{"line":123,"column":4},"end":{"line":127,"column":4}}},"9":{"name":"deposit","line":129,"loc":{"start":{"line":129,"column":4},"end":{"line":132,"column":4}}},"10":{"name":"setWithdrawSigner","line":134,"loc":{"start":{"line":134,"column":4},"end":{"line":137,"column":4}}},"11":{"name":"pauseWithdrawals","line":139,"loc":{"start":{"line":139,"column":4},"end":{"line":141,"column":4}}},"12":{"name":"setWithdrawLimits","line":151,"loc":{"start":{"line":143,"column":4},"end":{"line":159,"column":4}}},"13":{"name":"setWithdrawMaxLimits","line":164,"loc":{"start":{"line":161,"column":4},"end":{"line":167,"column":4}}},"14":{"name":"setWithdrawAccountLimits","line":172,"loc":{"start":{"line":169,"column":4},"end":{"line":175,"column":4}}},"15":{"name":"setWithdrawClusterLimits","line":181,"loc":{"start":{"line":177,"column":4},"end":{"line":185,"column":4}}},"16":{"name":"getWithdrawLimits","line":187,"loc":{"start":{"line":187,"column":4},"end":{"line":209,"column":4}}},"17":{"name":"withdraw","line":211,"loc":{"start":{"line":211,"column":4},"end":{"line":239,"column":4}}},"18":{"name":"rescue","line":241,"loc":{"start":{"line":241,"column":4},"end":{"line":243,"column":4}}},"19":{"name":"_authorizeUpgrade","line":247,"loc":{"start":{"line":245,"column":4},"end":{"line":247,"column":49}}},"20":{"name":"checkWithdrawLimits","line":249,"loc":{"start":{"line":249,"column":4},"end":{"line":295,"column":4}}},"21":{"name":"isInCluster","line":297,"loc":{"start":{"line":297,"column":4},"end":{"line":305,"column":4}}},"22":{"name":"enqueue","line":307,"loc":{"start":{"line":307,"column":4},"end":{"line":310,"column":4}}},"23":{"name":"dequeue","line":312,"loc":{"start":{"line":312,"column":4},"end":{"line":318,"column":4}}},"24":{"name":"historyLength","line":320,"loc":{"start":{"line":320,"column":4},"end":{"line":322,"column":4}}}},"statementMap":{"1":{"start":{"line":60,"column":8},"end":{"line":60,"column":29}},"2":{"start":{"line":69,"column":8},"end":{"line":69,"column":71}},"3":{"start":{"line":70,"column":8},"end":{"line":70,"column":28}},"4":{"start":{"line":71,"column":8},"end":{"line":71,"column":36}},"5":{"start":{"line":72,"column":8},"end":{"line":72,"column":29}},"6":{"start":{"line":73,"column":8},"end":{"line":73,"column":35}},"7":{"start":{"line":74,"column":8},"end":{"line":74,"column":32}},"8":{"start":{"line":76,"column":8},"end":{"line":76,"column":52}},"9":{"start":{"line":92,"column":8},"end":{"line":92,"column":47}},"10":{"start":{"line":96,"column":8},"end":{"line":96,"column":37}},"11":{"start":{"line":97,"column":8},"end":{"line":97,"column":74}},"12":{"start":{"line":98,"column":8},"end":{"line":98,"column":43}},"13":{"start":{"line":99,"column":8},"end":{"line":99,"column":33}},"14":{"start":{"line":100,"column":8},"end":{"line":100,"column":19}},"15":{"start":{"line":104,"column":8},"end":{"line":104,"column":3789}},"16":{"start":{"line":110,"column":8},"end":{"line":110,"column":42}},"17":{"start":{"line":114,"column":8},"end":{"line":114,"column":95}},"18":{"start":{"line":119,"column":8},"end":{"line":119,"column":98}},"19":{"start":{"line":124,"column":8},"end":{"line":124,"column":98}},"20":{"start":{"line":125,"column":8},"end":{"line":125,"column":80}},"21":{"start":{"line":130,"column":8},"end":{"line":130,"column":73}},"22":{"start":{"line":131,"column":8},"end":{"line":131,"column":32}},"23":{"start":{"line":135,"column":8},"end":{"line":135,"column":71}},"24":{"start":{"line":200,"column":8},"end":{"line":200,"column":7307}},"25":{"start":{"line":217,"column":8},"end":{"line":217,"column":60}},"26":{"start":{"line":218,"column":8},"end":{"line":218,"column":48}},"27":{"start":{"line":219,"column":8},"end":{"line":219,"column":58}},"28":{"start":{"line":220,"column":8},"end":{"line":220,"column":59}},"29":{"start":{"line":221,"column":8},"end":{"line":221,"column":46}},"30":{"start":{"line":225,"column":8},"end":{"line":225,"column":8085}},"31":{"start":{"line":228,"column":8},"end":{"line":228,"column":82}},"32":{"start":{"line":230,"column":8},"end":{"line":230,"column":8319}},"33":{"start":{"line":237,"column":8},"end":{"line":237,"column":32}},"34":{"start":{"line":238,"column":8},"end":{"line":238,"column":48}},"35":{"start":{"line":242,"column":8},"end":{"line":242,"column":51}},"36":{"start":{"line":250,"column":8},"end":{"line":250,"column":8941}},"37":{"start":{"line":255,"column":8},"end":{"line":255,"column":33}},"38":{"start":{"line":256,"column":8},"end":{"line":256,"column":31}},"39":{"start":{"line":257,"column":8},"end":{"line":257,"column":35}},"40":{"start":{"line":258,"column":8},"end":{"line":258,"column":26}},"41":{"start":{"line":260,"column":8},"end":{"line":260,"column":9206}},"42":{"start":{"line":261,"column":12},"end":{"line":261,"column":69}},"43":{"start":{"line":263,"column":12},"end":{"line":263,"column":9345}},"44":{"start":{"line":267,"column":16},"end":{"line":267,"column":9540}},"45":{"start":{"line":273,"column":16},"end":{"line":273,"column":9797}},"46":{"start":{"line":281,"column":8},"end":{"line":281,"column":22}},"47":{"start":{"line":283,"column":8},"end":{"line":283,"column":10085}},"48":{"start":{"line":287,"column":8},"end":{"line":287,"column":10213}},"49":{"start":{"line":291,"column":8},"end":{"line":291,"column":10351}},"50":{"start":{"line":298,"column":8},"end":{"line":298,"column":10574}},"51":{"start":{"line":302,"column":12},"end":{"line":302,"column":23}},"52":{"start":{"line":304,"column":8},"end":{"line":304,"column":20}},"53":{"start":{"line":313,"column":8},"end":{"line":313,"column":10961}},"54":{"start":{"line":321,"column":8},"end":{"line":321,"column":27}}},"branchMap":{"1":{"line":68,"type":"if","locations":[{"start":{"line":68,"column":15},"end":{"line":68,"column":15}},{"start":{"line":68,"column":15},"end":{"line":68,"column":15}}]},"2":{"line":69,"type":"if","locations":[{"start":{"line":69,"column":8},"end":{"line":69,"column":8}},{"start":{"line":69,"column":8},"end":{"line":69,"column":8}}]},"3":{"line":97,"type":"if","locations":[{"start":{"line":97,"column":8},"end":{"line":97,"column":8}},{"start":{"line":97,"column":8},"end":{"line":97,"column":8}}]},"4":{"line":104,"type":"cond-expr","locations":[{"start":{"line":104,"column":15},"end":{"line":104,"column":55}},{"start":{"line":105,"column":12},"end":{"line":105,"column":28}}]},"5":{"line":104,"type":"cond-expr","locations":[{"start":{"line":104,"column":15},"end":{"line":105,"column":28}},{"start":{"line":106,"column":12},"end":{"line":106,"column":45}}]},"6":{"line":113,"type":"if","locations":[{"start":{"line":113,"column":61},"end":{"line":113,"column":61}},{"start":{"line":113,"column":61},"end":{"line":113,"column":61}}]},"7":{"line":114,"type":"if","locations":[{"start":{"line":114,"column":8},"end":{"line":114,"column":8}},{"start":{"line":114,"column":8},"end":{"line":114,"column":8}}]},"8":{"line":118,"type":"if","locations":[{"start":{"line":118,"column":64},"end":{"line":118,"column":64}},{"start":{"line":118,"column":64},"end":{"line":118,"column":64}}]},"9":{"line":119,"type":"if","locations":[{"start":{"line":119,"column":8},"end":{"line":119,"column":8}},{"start":{"line":119,"column":8},"end":{"line":119,"column":8}}]},"10":{"line":123,"type":"if","locations":[{"start":{"line":123,"column":63},"end":{"line":123,"column":63}},{"start":{"line":123,"column":63},"end":{"line":123,"column":63}}]},"11":{"line":124,"type":"if","locations":[{"start":{"line":124,"column":8},"end":{"line":124,"column":8}},{"start":{"line":124,"column":8},"end":{"line":124,"column":8}}]},"12":{"line":125,"type":"if","locations":[{"start":{"line":125,"column":8},"end":{"line":125,"column":8}},{"start":{"line":125,"column":8},"end":{"line":125,"column":8}}]},"13":{"line":130,"type":"if","locations":[{"start":{"line":130,"column":8},"end":{"line":130,"column":8}},{"start":{"line":130,"column":8},"end":{"line":130,"column":8}}]},"14":{"line":134,"type":"if","locations":[{"start":{"line":134,"column":65},"end":{"line":134,"column":65}},{"start":{"line":134,"column":65},"end":{"line":134,"column":65}}]},"15":{"line":135,"type":"if","locations":[{"start":{"line":135,"column":8},"end":{"line":135,"column":8}},{"start":{"line":135,"column":8},"end":{"line":135,"column":8}}]},"16":{"line":139,"type":"if","locations":[{"start":{"line":139,"column":53},"end":{"line":139,"column":53}},{"start":{"line":139,"column":53},"end":{"line":139,"column":53}}]},"17":{"line":151,"type":"if","locations":[{"start":{"line":151,"column":15},"end":{"line":151,"column":15}},{"start":{"line":151,"column":15},"end":{"line":151,"column":15}}]},"18":{"line":164,"type":"if","locations":[{"start":{"line":164,"column":15},"end":{"line":164,"column":15}},{"start":{"line":164,"column":15},"end":{"line":164,"column":15}}]},"19":{"line":172,"type":"if","locations":[{"start":{"line":172,"column":15},"end":{"line":172,"column":15}},{"start":{"line":172,"column":15},"end":{"line":172,"column":15}}]},"20":{"line":181,"type":"if","locations":[{"start":{"line":181,"column":15},"end":{"line":181,"column":15}},{"start":{"line":181,"column":15},"end":{"line":181,"column":15}}]},"21":{"line":217,"type":"if","locations":[{"start":{"line":217,"column":8},"end":{"line":217,"column":8}},{"start":{"line":217,"column":8},"end":{"line":217,"column":8}}]},"22":{"line":218,"type":"if","locations":[{"start":{"line":218,"column":8},"end":{"line":218,"column":8}},{"start":{"line":218,"column":8},"end":{"line":218,"column":8}}]},"23":{"line":219,"type":"if","locations":[{"start":{"line":219,"column":8},"end":{"line":219,"column":8}},{"start":{"line":219,"column":8},"end":{"line":219,"column":8}}]},"24":{"line":220,"type":"if","locations":[{"start":{"line":220,"column":8},"end":{"line":220,"column":8}},{"start":{"line":220,"column":8},"end":{"line":220,"column":8}}]},"25":{"line":228,"type":"if","locations":[{"start":{"line":228,"column":8},"end":{"line":228,"column":8}},{"start":{"line":228,"column":8},"end":{"line":228,"column":8}}]},"26":{"line":241,"type":"if","locations":[{"start":{"line":241,"column":61},"end":{"line":241,"column":61}},{"start":{"line":241,"column":61},"end":{"line":241,"column":61}}]},"27":{"line":247,"type":"if","locations":[{"start":{"line":247,"column":24},"end":{"line":247,"column":24}},{"start":{"line":247,"column":24},"end":{"line":247,"column":24}}]},"28":{"line":250,"type":"if","locations":[{"start":{"line":250,"column":8},"end":{"line":250,"column":8}},{"start":{"line":250,"column":8},"end":{"line":250,"column":8}}]},"29":{"line":263,"type":"if","locations":[{"start":{"line":263,"column":12},"end":{"line":263,"column":12}},{"start":{"line":263,"column":12},"end":{"line":263,"column":12}}]},"30":{"line":267,"type":"if","locations":[{"start":{"line":267,"column":16},"end":{"line":267,"column":16}},{"start":{"line":267,"column":16},"end":{"line":267,"column":16}}]},"31":{"line":273,"type":"if","locations":[{"start":{"line":273,"column":16},"end":{"line":273,"column":16}},{"start":{"line":273,"column":16},"end":{"line":273,"column":16}}]},"32":{"line":283,"type":"if","locations":[{"start":{"line":283,"column":8},"end":{"line":283,"column":8}},{"start":{"line":283,"column":8},"end":{"line":283,"column":8}}]},"33":{"line":287,"type":"if","locations":[{"start":{"line":287,"column":8},"end":{"line":287,"column":8}},{"start":{"line":287,"column":8},"end":{"line":287,"column":8}}]},"34":{"line":291,"type":"if","locations":[{"start":{"line":291,"column":8},"end":{"line":291,"column":8}},{"start":{"line":291,"column":8},"end":{"line":291,"column":8}}]},"35":{"line":298,"type":"if","locations":[{"start":{"line":298,"column":8},"end":{"line":298,"column":8}},{"start":{"line":298,"column":8},"end":{"line":298,"column":8}}]},"36":{"line":299,"type":"cond-expr","locations":[{"start":{"line":299,"column":12},"end":{"line":299,"column":48}},{"start":{"line":300,"column":12},"end":{"line":300,"column":49}}]}}},
"contracts\\Mocks\\CoiinV2.sol":{"l":{"77":0,"78":0,"79":0,"80":0,"81":0,"82":0,"84":0,"85":0,"87":0,"88":0,"90":0,"91":0,"92":0,"94":0,"97":0,"98":0,"102":0,"106":0,"118":0,"119":0,"120":0,"121":0,"122":0,"123":0,"124":0,"131":0,"132":0,"139":0,"140":0,"148":0,"149":0,"150":0,"166":0,"178":4,"185":0,"186":0,"188":0,"189":0,"190":0,"191":0,"193":0,"194":0,"197":0,"198":0,"199":0,"202":0,"203":0,"207":0,"209":0,"213":0,"217":0,"219":0,"220":0,"221":0,"222":0,"223":0,"224":0,"225":0,"228":0,"232":0,"234":0,"237":0,"238":0,"242":0,"243":0,"244":0,"245":0,"246":0,"250":0},"path":"C:\\Users\\MohsinTahir\\coiin-smart-contracts\\contracts\\Mocks\\CoiinV2.sol","s":{"1":0,"2":0,"3":0,"4":0,"5":0,"6":0,"7":0,"8":0,"9":0,"10":4,"11":0,"12":0,"13":0,"14":0,"15":0,"16":0,"17":0,"18":0,"19":0,"20":0,"21":0,"22":0,"23":0,"24":0,"25":0,"26":0,"27":0,"28":0,"29":0,"30":0,"31":0,"32":0},"b":{"1":[0,0],"2":[0,0],"3":[0,0],"4":[0,0],"5":[0,0],"6":[0,0],"7":[0,0],"8":[0,0],"9":[0,0],"10":[0,0],"11":[0,0],"12":[0,0],"13":[0,0],"14":[0,0],"15":[0,0],"16":[0,0],"17":[0,0],"18":[0,0]},"f":{"1":0,"2":0,"3":0,"4":0,"5":0,"6":0,"7":0,"8":0,"9":0,"10":4,"11":0,"12":0,"13":0,"14":0,"15":0,"16":0},"fnMap":{"1":{"name":"initialize","line":76,"loc":{"start":{"line":70,"column":4},"end":{"line":95,"column":4}}},"2":{"name":"deposit","line":96,"loc":{"start":{"line":96,"column":4},"end":{"line":99,"column":4}}},"3":{"name":"setWithdrawSigner","line":101,"loc":{"start":{"line":101,"column":4},"end":{"line":103,"column":4}}},"4":{"name":"pauseWithdrawals","line":105,"loc":{"start":{"line":105,"column":4},"end":{"line":107,"column":4}}},"5":{"name":"setWithdrawLimits","line":117,"loc":{"start":{"line":109,"column":4},"end":{"line":125,"column":4}}},"6":{"name":"setWithdrawMaxLimits","line":130,"loc":{"start":{"line":127,"column":4},"end":{"line":133,"column":4}}},"7":{"name":"setWithdrawAccountLimits","line":138,"loc":{"start":{"line":135,"column":4},"end":{"line":141,"column":4}}},"8":{"name":"setWithdrawClusterLimits","line":147,"loc":{"start":{"line":143,"column":4},"end":{"line":151,"column":4}}},"9":{"name":"getWithdrawLimits","line":153,"loc":{"start":{"line":153,"column":4},"end":{"line":175,"column":4}}},"10":{"name":"withdraw","line":177,"loc":{"start":{"line":177,"column":4},"end":{"line":179,"column":4}}},"11":{"name":"_authorizeUpgrade","line":182,"loc":{"start":{"line":180,"column":4},"end":{"line":182,"column":49}}},"12":{"name":"checkWithdrawLimits","line":184,"loc":{"start":{"line":184,"column":4},"end":{"line":226,"column":4}}},"13":{"name":"isInCluster","line":227,"loc":{"start":{"line":227,"column":4},"end":{"line":235,"column":4}}},"14":{"name":"enqueue","line":236,"loc":{"start":{"line":236,"column":4},"end":{"line":239,"column":4}}},"15":{"name":"dequeue","line":241,"loc":{"start":{"line":241,"column":4},"end":{"line":248,"column":4}}},"16":{"name":"historyLength","line":249,"loc":{"start":{"line":249,"column":4},"end":{"line":251,"column":4}}}},"statementMap":{"1":{"start":{"line":77,"column":8},"end":{"line":77,"column":28}},"2":{"start":{"line":78,"column":8},"end":{"line":78,"column":35}},"3":{"start":{"line":79,"column":8},"end":{"line":79,"column":32}},"4":{"start":{"line":80,"column":8},"end":{"line":80,"column":29}},"5":{"start":{"line":81,"column":8},"end":{"line":81,"column":52}},"6":{"start":{"line":94,"column":8},"end":{"line":94,"column":47}},"7":{"start":{"line":97,"column":8},"end":{"line":97,"column":73}},"8":{"start":{"line":98,"column":8},"end":{"line":98,"column":32}},"9":{"start":{"line":166,"column":8},"end":{"line":166,"column":5721}},"10":{"start":{"line":178,"column":8},"end":{"line":178,"column":32}},"11":{"start":{"line":185,"column":8},"end":{"line":185,"column":6332}},"12":{"start":{"line":188,"column":8},"end":{"line":188,"column":33}},"13":{"start":{"line":189,"column":8},"end":{"line":189,"column":31}},"14":{"start":{"line":190,"column":8},"end":{"line":190,"column":35}},"15":{"start":{"line":191,"column":8},"end":{"line":191,"column":23}},"16":{"start":{"line":193,"column":8},"end":{"line":193,"column":6525}},"17":{"start":{"line":194,"column":12},"end":{"line":194,"column":69}},"18":{"start":{"line":197,"column":12},"end":{"line":197,"column":6741}},"19":{"start":{"line":198,"column":16},"end":{"line":198,"column":62}},"20":{"start":{"line":203,"column":16},"end":{"line":203,"column":7061}},"21":{"start":{"line":209,"column":16},"end":{"line":209,"column":7318}},"22":{"start":{"line":217,"column":8},"end":{"line":217,"column":22}},"23":{"start":{"line":219,"column":8},"end":{"line":219,"column":7642}},"24":{"start":{"line":221,"column":8},"end":{"line":221,"column":7752}},"25":{"start":{"line":223,"column":8},"end":{"line":223,"column":7864}},"26":{"start":{"line":225,"column":8},"end":{"line":225,"column":32}},"27":{"start":{"line":228,"column":8},"end":{"line":228,"column":8052}},"28":{"start":{"line":232,"column":12},"end":{"line":232,"column":23}},"29":{"start":{"line":234,"column":8},"end":{"line":234,"column":20}},"30":{"start":{"line":242,"column":8},"end":{"line":242,"column":8437}},"31":{"start":{"line":243,"column":12},"end":{"line":243,"column":43}},"32":{"start":{"line":250,"column":8},"end":{"line":250,"column":27}}},"branchMap":{"1":{"line":76,"type":"if","locations":[{"start":{"line":76,"column":15},"end":{"line":76,"column":15}},{"start":{"line":76,"column":15},"end":{"line":76,"column":15}}]},"2":{"line":97,"type":"if","locations":[{"start":{"line":97,"column":8},"end":{"line":97,"column":8}},{"start":{"line":97,"column":8},"end":{"line":97,"column":8}}]},"3":{"line":101,"type":"if","locations":[{"start":{"line":101,"column":65},"end":{"line":101,"column":65}},{"start":{"line":101,"column":65},"end":{"line":101,"column":65}}]},"4":{"line":105,"type":"if","locations":[{"start":{"line":105,"column":53},"end":{"line":105,"column":53}},{"start":{"line":105,"column":53},"end":{"line":105,"column":53}}]},"5":{"line":117,"type":"if","locations":[{"start":{"line":117,"column":15},"end":{"line":117,"column":15}},{"start":{"line":117,"column":15},"end":{"line":117,"column":15}}]},"6":{"line":130,"type":"if","locations":[{"start":{"line":130,"column":15},"end":{"line":130,"column":15}},{"start":{"line":130,"column":15},"end":{"line":130,"column":15}}]},"7":{"line":138,"type":"if","locations":[{"start":{"line":138,"column":15},"end":{"line":138,"column":15}},{"start":{"line":138,"column":15},"end":{"line":138,"column":15}}]},"8":{"line":147,"type":"if","locations":[{"start":{"line":147,"column":15},"end":{"line":147,"column":15}},{"start":{"line":147,"column":15},"end":{"line":147,"column":15}}]},"9":{"line":182,"type":"if","locations":[{"start":{"line":182,"column":24},"end":{"line":182,"column":24}},{"start":{"line":182,"column":24},"end":{"line":182,"column":24}}]},"10":{"line":185,"type":"if","locations":[{"start":{"line":185,"column":8},"end":{"line":185,"column":8}},{"start":{"line":185,"column":8},"end":{"line":185,"column":8}}]},"11":{"line":197,"type":"if","locations":[{"start":{"line":197,"column":12},"end":{"line":197,"column":12}},{"start":{"line":197,"column":12},"end":{"line":197,"column":12}}]},"12":{"line":203,"type":"if","locations":[{"start":{"line":203,"column":16},"end":{"line":203,"column":16}},{"start":{"line":203,"column":16},"end":{"line":203,"column":16}}]},"13":{"line":209,"type":"if","locations":[{"start":{"line":209,"column":16},"end":{"line":209,"column":16}},{"start":{"line":209,"column":16},"end":{"line":209,"column":16}}]},"14":{"line":219,"type":"if","locations":[{"start":{"line":219,"column":8},"end":{"line":219,"column":8}},{"start":{"line":219,"column":8},"end":{"line":219,"column":8}}]},"15":{"line":221,"type":"if","locations":[{"start":{"line":221,"column":8},"end":{"line":221,"column":8}},{"start":{"line":221,"column":8},"end":{"line":221,"column":8}}]},"16":{"line":223,"type":"if","locations":[{"start":{"line":223,"column":8},"end":{"line":223,"column":8}},{"start":{"line":223,"column":8},"end":{"line":223,"column":8}}]},"17":{"line":228,"type":"if","locations":[{"start":{"line":228,"column":8},"end":{"line":228,"column":8}},{"start":{"line":228,"column":8},"end":{"line":228,"column":8}}]},"18":{"line":229,"type":"cond-expr","locations":[{"start":{"line":229,"column":12},"end":{"line":229,"column":48}},{"start":{"line":230,"column":12},"end":{"line":230,"column":49}}]}}}}
