TN:
SF:C:\Users\MohsinTahir\coiin-smart-contracts\contracts\Coiin.sol
FN:59,constructor
FN:68,initialize
FN:95,transferFrom
FN:103,_allowTransferFrom
FN:109,_isTransferFromWhiteListed
FN:113,setTransferFromWhiteList
FN:118,removeTransferFromWhiteList
FN:123,setTransferFromUnlockDate
FN:129,deposit
FN:134,setWithdrawSigner
FN:139,pauseWithdrawals
FN:151,setWithdrawLimits
FN:164,setWithdrawMaxLimits
FN:172,setWithdrawAccountLimits
FN:181,setWithdrawClusterLimits
FN:187,getWithdrawLimits
FN:211,withdraw
FN:241,rescue
FN:247,_authorizeUpgrade
FN:249,checkWithdrawLimits
FN:297,isInCluster
FN:307,enqueue
FN:312,dequeue
FN:320,historyLength
FNF:24
FNH:20
FNDA:1,constructor
FNDA:3,initialize
FNDA:5,transferFrom
FNDA:5,_allowTransferFrom
FNDA:3,_isTransferFromWhiteListed
FNDA:3,setTransferFromWhiteList
FNDA:2,removeTransferFromWhiteList
FNDA:4,setTransferFromUnlockDate
FNDA:2,deposit
FNDA:0,setWithdrawSigner
FNDA:2,pauseWithdrawals
FNDA:0,setWithdrawLimits
FNDA:0,setWithdrawMaxLimits
FNDA:1,setWithdrawAccountLimits
FNDA:2,setWithdrawClusterLimits
FNDA:0,getWithdrawLimits
FNDA:93,withdraw
FNDA:2,rescue
FNDA:2,_authorizeUpgrade
FNDA:89,checkWithdrawLimits
FNDA:555,isInCluster
FNDA:81,enqueue
FNDA:87,dequeue
FNDA:1227,historyLength
DA:60,1
DA:69,3
DA:70,3
DA:71,3
DA:72,3
DA:73,3
DA:74,3
DA:76,3
DA:78,3
DA:79,3
DA:82,3
DA:83,3
DA:85,3
DA:86,3
DA:88,3
DA:89,3
DA:90,3
DA:92,3
DA:96,5
DA:97,5
DA:98,3
DA:99,3
DA:100,3
DA:104,5
DA:110,3
DA:114,3
DA:115,2
DA:119,2
DA:120,1
DA:124,4
DA:125,4
DA:126,3
DA:130,2
DA:131,1
DA:135,0
DA:136,0
DA:140,2
DA:152,0
DA:153,0
DA:154,0
DA:155,0
DA:156,0
DA:157,0
DA:158,0
DA:165,0
DA:166,0
DA:173,1
DA:174,1
DA:182,2
DA:183,2
DA:184,2
DA:200,0
DA:217,93
DA:218,92
DA:219,91
DA:220,90
DA:221,89
DA:223,82
DA:225,82
DA:228,82
DA:230,81
DA:237,81
DA:238,81
DA:242,2
DA:250,89
DA:255,87
DA:256,87
DA:257,87
DA:258,87
DA:260,87
DA:261,585
DA:263,585
DA:264,30
DA:266,555
DA:267,555
DA:271,435
DA:273,555
DA:277,7
DA:281,87
DA:283,87
DA:287,84
DA:291,83
DA:298,555
DA:302,465
DA:304,90
DA:308,81
DA:309,81
DA:313,87
DA:314,30
DA:315,30
DA:316,30
DA:321,1227
LF:92
LH:80
BRDA:68,1,0,3
BRDA:68,1,1,0
BRDA:69,2,0,3
BRDA:69,2,1,0
BRDA:97,3,0,3
BRDA:97,3,1,2
BRDA:104,4,0,1
BRDA:104,4,1,1
BRDA:104,5,0,1
BRDA:104,5,1,1
BRDA:113,6,0,3
BRDA:113,6,1,0
BRDA:114,7,0,2
BRDA:114,7,1,1
BRDA:118,8,0,2
BRDA:118,8,1,0
BRDA:119,9,0,1
BRDA:119,9,1,1
BRDA:123,10,0,4
BRDA:123,10,1,0
BRDA:124,11,0,4
BRDA:124,11,1,0
BRDA:125,12,0,3
BRDA:125,12,1,1
BRDA:130,13,0,1
BRDA:130,13,1,1
BRDA:134,14,0,0
BRDA:134,14,1,0
BRDA:135,15,0,0
BRDA:135,15,1,0
BRDA:139,16,0,2
BRDA:139,16,1,1
BRDA:151,17,0,0
BRDA:151,17,1,0
BRDA:164,18,0,0
BRDA:164,18,1,0
BRDA:172,19,0,1
BRDA:172,19,1,0
BRDA:181,20,0,2
BRDA:181,20,1,0
BRDA:217,21,0,92
BRDA:217,21,1,1
BRDA:218,22,0,91
BRDA:218,22,1,1
BRDA:219,23,0,90
BRDA:219,23,1,1
BRDA:220,24,0,89
BRDA:220,24,1,1
BRDA:228,25,0,81
BRDA:228,25,1,1
BRDA:241,26,0,2
BRDA:241,26,1,0
BRDA:247,27,0,2
BRDA:247,27,1,1
BRDA:250,28,0,87
BRDA:250,28,1,2
BRDA:263,29,0,30
BRDA:263,29,1,555
BRDA:267,30,0,435
BRDA:267,30,1,120
BRDA:273,31,0,7
BRDA:273,31,1,548
BRDA:283,32,0,84
BRDA:283,32,1,3
BRDA:287,33,0,83
BRDA:287,33,1,1
BRDA:291,34,0,82
BRDA:291,34,1,1
BRDA:298,35,0,465
BRDA:298,35,1,90
BRDA:299,36,0,245
BRDA:299,36,1,220
BRF:72
BRH:55
end_of_record
TN:
SF:C:\Users\MohsinTahir\coiin-smart-contracts\contracts\Mocks\CoiinV2.sol
FN:76,initialize
FN:96,deposit
FN:101,setWithdrawSigner
FN:105,pauseWithdrawals
FN:117,setWithdrawLimits
FN:130,setWithdrawMaxLimits
FN:138,setWithdrawAccountLimits
FN:147,setWithdrawClusterLimits
FN:153,getWithdrawLimits
FN:177,withdraw
FN:182,_authorizeUpgrade
FN:184,checkWithdrawLimits
FN:227,isInCluster
FN:236,enqueue
FN:241,dequeue
FN:249,historyLength
FNF:16
FNH:1
FNDA:0,initialize
FNDA:0,deposit
FNDA:0,setWithdrawSigner
FNDA:0,pauseWithdrawals
FNDA:0,setWithdrawLimits
FNDA:0,setWithdrawMaxLimits
FNDA:0,setWithdrawAccountLimits
FNDA:0,setWithdrawClusterLimits
FNDA:0,getWithdrawLimits
FNDA:4,withdraw
FNDA:0,_authorizeUpgrade
FNDA:0,checkWithdrawLimits
FNDA:0,isInCluster
FNDA:0,enqueue
FNDA:0,dequeue
FNDA:0,historyLength
DA:77,0
DA:78,0
DA:79,0
DA:80,0
DA:81,0
DA:82,0
DA:84,0
DA:85,0
DA:87,0
DA:88,0
DA:90,0
DA:91,0
DA:92,0
DA:94,0
DA:97,0
DA:98,0
DA:102,0
DA:106,0
DA:118,0
DA:119,0
DA:120,0
DA:121,0
DA:122,0
DA:123,0
DA:124,0
DA:131,0
DA:132,0
DA:139,0
DA:140,0
DA:148,0
DA:149,0
DA:150,0
DA:166,0
DA:178,4
DA:185,0
DA:186,0
DA:188,0
DA:189,0
DA:190,0
DA:191,0
DA:193,0
DA:194,0
DA:197,0
DA:198,0
DA:199,0
DA:202,0
DA:203,0
DA:207,0
DA:209,0
DA:213,0
DA:217,0
DA:219,0
DA:220,0
DA:221,0
DA:222,0
DA:223,0
DA:224,0
DA:225,0
DA:228,0
DA:232,0
DA:234,0
DA:237,0
DA:238,0
DA:242,0
DA:243,0
DA:244,0
DA:245,0
DA:246,0
DA:250,0
LF:69
LH:1
BRDA:76,1,0,0
BRDA:76,1,1,0
BRDA:97,2,0,0
BRDA:97,2,1,0
BRDA:101,3,0,0
BRDA:101,3,1,0
BRDA:105,4,0,0
BRDA:105,4,1,0
BRDA:117,5,0,0
BRDA:117,5,1,0
BRDA:130,6,0,0
BRDA:130,6,1,0
BRDA:138,7,0,0
BRDA:138,7,1,0
BRDA:147,8,0,0
BRDA:147,8,1,0
BRDA:182,9,0,0
BRDA:182,9,1,0
BRDA:185,10,0,0
BRDA:185,10,1,0
BRDA:197,11,0,0
BRDA:197,11,1,0
BRDA:203,12,0,0
BRDA:203,12,1,0
BRDA:209,13,0,0
BRDA:209,13,1,0
BRDA:219,14,0,0
BRDA:219,14,1,0
BRDA:221,15,0,0
BRDA:221,15,1,0
BRDA:223,16,0,0
BRDA:223,16,1,0
BRDA:228,17,0,0
BRDA:228,17,1,0
BRDA:229,18,0,0
BRDA:229,18,1,0
BRF:36
BRH:0
end_of_record
